<?xml version="1.0" encoding="UTF-8"?>
<testng-results skipped="0" failed="0" ignored="0" total="1" passed="1">
  <reporter-output>
  </reporter-output>
  <suite name="Default suite" duration-ms="17308" started-at="2019-12-05T10:46:23 IST" finished-at="2019-12-05T10:46:40 IST">
    <groups>
    </groups>
    <test name="Default test" duration-ms="17308" started-at="2019-12-05T10:46:23 IST" finished-at="2019-12-05T10:46:40 IST">
      <class name="testPack.onlineShopping">
        <test-method status="PASS" signature="login()[pri:0, instance:testPack.onlineShopping@3b0143d3]" name="login" duration-ms="17213" started-at="2019-12-05T10:46:23 IST" finished-at="2019-12-05T10:46:40 IST">
          <reporter-output>
          </reporter-output>
        </test-method> <!-- login -->
      </class> <!-- testPack.onlineShopping -->
    </test> <!-- Default test -->
  </suite> <!-- Default suite -->
</testng-results>
